<?xml version="1.0" encoding="UTF-8"?>
<!-- Generated by org.testng.reporters.JUnitReportReporter -->
<testsuite hostname="Business-PC" name="com.gmail.tests.AppTest" tests="1" failures="0" timestamp="9 Jun 2016 20:48:51 GMT" time="0.015" errors="0">
  <testcase name="testApp" time="0.015" classname="com.gmail.tests.AppTest"/>
</testsuite> <!-- com.gmail.tests.AppTest -->
